<?xml version="1.0" encoding="UTF-8"?>
<testsuite name="com.learnwebclient.service.EmployeeRestClientTest" tests="1" skipped="0" failures="0" errors="0" timestamp="2022-06-24T11:28:30" hostname="UIT-00555" time="0.666">
  <properties/>
  <testcase name="retrieveAllEmployees()" classname="com.learnwebclient.service.EmployeeRestClientTest" time="0.666"/>
  <system-out><![CDATA[employeeList: [Employee(id=1, age=50, firstName=Chris, lastName=Evans, gender=male, role=Lead Engineer), Employee(id=2, age=54, firstName=Adam, lastName=Sandler, gender=male, role=Senior Engineer), Employee(id=3, age=32, firstName=Jenny, lastName=Richards, gender=female, role=Senior Engineer), Employee(id=4, age=44, firstName=Amy, lastName=Adams, gender=female, role=Manager)]
]]></system-out>
  <system-err><![CDATA[]]></system-err>
</testsuite>
